16:24:22.79 [INFO] handling request: `--pants-bin-name=./pants --pants-version=2.3.0 build`
16:24:23.15 [INFO] request completed: `--pants-bin-name=./pants --pants-version=2.3.0 build`
16:24:30.61 [INFO] handling request: `--pants-bin-name=./pants --pants-version=2.3.0 help goals`
16:24:30.70 [INFO] request completed: `--pants-bin-name=./pants --pants-version=2.3.0 help goals`
16:24:50.31 [INFO] handling request: `--pants-bin-name=./pants --pants-version=2.3.0 package src/python/mitol/common`
16:24:50.40 [INFO] request completed: `--pants-bin-name=./pants --pants-version=2.3.0 package src/python/mitol/common`
16:25:03.03 [INFO] handling request: `--pants-bin-name=./pants --pants-version=2.3.0 package src/python/mitol/common:python_distribution`
16:25:03.12 [INFO] request completed: `--pants-bin-name=./pants --pants-version=2.3.0 package src/python/mitol/common:python_distribution`
16:25:13.91 [INFO] handling request: `--pants-bin-name=./pants --pants-version=2.3.0 package src/python/mitol/common:mitol-django-common`
16:25:16.78 [INFO] request completed: `--pants-bin-name=./pants --pants-version=2.3.0 package src/python/mitol/common:mitol-django-common`
16:26:15.94 [INFO] notify invalidation: cleared 2 and dirtied 375 nodes for: {"", "requirements.txt"}
16:26:15.94 [INFO] notify invalidation: cleared 0 and dirtied 0 nodes for: {"requirements.txt", ""}
16:26:15.94 [INFO] notify invalidation: cleared 2 and dirtied 375 nodes for: {"", "requirements.txt"}
16:26:15.94 [INFO] notify invalidation: cleared 0 and dirtied 0 nodes for: {"", "requirements.txt"}
16:26:15.94 [INFO] notify invalidation: cleared 0 and dirtied 0 nodes for: {"", "requirements.txt"}
16:26:15.94 [INFO] Filesystem changed during run: retrying `PySnapshot` in 500ms...
16:26:15.94 [INFO] notify invalidation: cleared 0 and dirtied 0 nodes for: {"", "requirements.txt"}
16:26:15.94 [INFO] notify invalidation: cleared 0 and dirtied 0 nodes for: {"", "requirements.txt"}
16:26:15.94 [INFO] notify invalidation: cleared 0 and dirtied 0 nodes for: {"", "requirements.txt"}
16:26:16.06 [ERROR] saw filesystem changes covered by invalidation globs: content changed (<pants.engine.internals.native_engine.PyDigest object at 0x7ef88d8dd670> fs <pants.engine.internals.native_engine.PyDigest object at 0x7ef88d8dd670>). terminating the daemon.
16:26:16.88 [ERROR] service failure for <pants.pantsd.service.scheduler_service.SchedulerService object at 0x7f0c98036670>.
16:26:16.88 [INFO] Waiting for ongoing runs to complete before exiting...
16:26:16.88 [INFO] Server exiting with Ok(())
16:26:16.88 [INFO] Exiting pantsd
16:26:16.88 [WARN] File watcher exiting with: The watcher was shut down.
16:26:21.34 [INFO] handling request: `--pants-bin-name=./pants --pants-version=2.3.0 package src/python/mitol/common:mitol-django-common`
16:26:24.69 [INFO] request completed: `--pants-bin-name=./pants --pants-version=2.3.0 package src/python/mitol/common:mitol-django-common`
16:27:53.78 [INFO] notify invalidation: cleared 2 and dirtied 85 nodes for: {"src/python/mitol/common", "src/python/mitol/common/BUILD"}
16:27:53.78 [INFO] notify invalidation: cleared 0 and dirtied 0 nodes for: {"src/python/mitol/common", "src/python/mitol/common/BUILD"}
16:27:53.78 [INFO] notify invalidation: cleared 0 and dirtied 0 nodes for: {"src/python/mitol/common", "src/python/mitol/common/BUILD"}
16:27:53.78 [INFO] notify invalidation: cleared 0 and dirtied 0 nodes for: {"src/python/mitol/common/BUILD", "src/python/mitol/common"}
16:27:53.78 [INFO] notify invalidation: cleared 0 and dirtied 0 nodes for: {"src/python/mitol/common/BUILD", "src/python/mitol/common"}
16:27:53.78 [INFO] notify invalidation: cleared 0 and dirtied 0 nodes for: {"src/python/mitol/common/BUILD", "src/python/mitol/common"}
16:27:59.23 [INFO] handling request: `--pants-bin-name=./pants --pants-version=2.3.0 package src/python/mitol/common:mitol-django-common`
16:27:59.30 [INFO] request completed: `--pants-bin-name=./pants --pants-version=2.3.0 package src/python/mitol/common:mitol-django-common`
16:28:06.73 [INFO] notify invalidation: cleared 2 and dirtied 87 nodes for: {"src/python/mitol/common", "src/python/mitol/common/BUILD"}
16:28:06.73 [INFO] notify invalidation: cleared 0 and dirtied 0 nodes for: {"src/python/mitol/common/BUILD", "src/python/mitol/common"}
16:28:06.73 [INFO] notify invalidation: cleared 0 and dirtied 0 nodes for: {"src/python/mitol/common/BUILD", "src/python/mitol/common"}
16:28:06.73 [INFO] notify invalidation: cleared 0 and dirtied 0 nodes for: {"src/python/mitol/common/BUILD", "src/python/mitol/common"}
16:28:06.73 [INFO] notify invalidation: cleared 0 and dirtied 0 nodes for: {"src/python/mitol/common", "src/python/mitol/common/BUILD"}
16:28:06.73 [INFO] notify invalidation: cleared 0 and dirtied 0 nodes for: {"src/python/mitol/common", "src/python/mitol/common/BUILD"}
16:28:08.60 [INFO] handling request: `--pants-bin-name=./pants --pants-version=2.3.0 package src/python/mitol/common:mitol-django-common`
16:28:09.99 [INFO] request completed: `--pants-bin-name=./pants --pants-version=2.3.0 package src/python/mitol/common:mitol-django-common`
16:28:36.06 [INFO] handling request: `--pants-bin-name=./pants --pants-version=2.3.0 package src/python/mitol/common:`
16:28:36.15 [INFO] request completed: `--pants-bin-name=./pants --pants-version=2.3.0 package src/python/mitol/common:`
16:28:42.50 [INFO] handling request: `--pants-bin-name=./pants --pants-version=2.3.0 test src/python/mitol/common:`
16:29:04.94 [INFO] request completed: `--pants-bin-name=./pants --pants-version=2.3.0 test src/python/mitol/common:`
16:29:49.06 [INFO] notify invalidation: cleared 2 and dirtied 1733 nodes for: {"requirements.txt", ""}
16:29:49.06 [INFO] notify invalidation: cleared 0 and dirtied 0 nodes for: {"requirements.txt", ""}
16:29:49.06 [INFO] notify invalidation: cleared 0 and dirtied 0 nodes for: {"requirements.txt", ""}
16:29:49.07 [INFO] notify invalidation: cleared 2 and dirtied 1733 nodes for: {"", "requirements.txt"}
16:29:49.07 [INFO] notify invalidation: cleared 0 and dirtied 0 nodes for: {"", "requirements.txt"}
16:29:49.07 [INFO] Filesystem changed during run: retrying `PySnapshot` in 500ms...
16:29:49.07 [INFO] notify invalidation: cleared 0 and dirtied 0 nodes for: {"", "requirements.txt"}
16:29:49.07 [INFO] notify invalidation: cleared 0 and dirtied 0 nodes for: {"requirements.txt", ""}
16:29:49.07 [INFO] notify invalidation: cleared 0 and dirtied 0 nodes for: {"", "requirements.txt"}
16:29:49.36 [ERROR] saw filesystem changes covered by invalidation globs: content changed (<pants.engine.internals.native_engine.PyDigest object at 0x7f4c2012f1b0> fs <pants.engine.internals.native_engine.PyDigest object at 0x7f4c2012f1b0>). terminating the daemon.
16:29:49.51 [ERROR] service failure for <pants.pantsd.service.scheduler_service.SchedulerService object at 0x7f4c201acfd0>.
16:29:49.51 [INFO] Waiting for ongoing runs to complete before exiting...
16:29:49.51 [INFO] Server exiting with Ok(())
16:29:49.51 [INFO] Exiting pantsd
16:29:49.52 [WARN] File watcher exiting with: The watcher was shut down.
16:29:51.69 [INFO] handling request: `--pants-bin-name=./pants --pants-version=2.3.0 test src/python/mitol/common:`
16:30:09.29 [INFO] notify invalidation: cleared 2 and dirtied 1627 nodes for: {"", "BUILD"}
16:30:09.29 [INFO] notify invalidation: cleared 0 and dirtied 0 nodes for: {"BUILD", ""}
16:30:09.29 [INFO] notify invalidation: cleared 0 and dirtied 0 nodes for: {"BUILD", ""}
16:30:09.29 [INFO] notify invalidation: cleared 0 and dirtied 0 nodes for: {"", "BUILD"}
16:30:09.29 [INFO] notify invalidation: cleared 0 and dirtied 0 nodes for: {"", "BUILD"}
16:30:09.30 [INFO] notify invalidation: cleared 0 and dirtied 0 nodes for: {"BUILD", ""}
16:30:31.96 [INFO] request completed: `--pants-bin-name=./pants --pants-version=2.3.0 test src/python/mitol/common:`
16:37:58.16 [INFO] notify invalidation: cleared 2 and dirtied 944 nodes for: {"src/python/mitol/common/conftest.py", "src/python/mitol/common"}
16:37:58.16 [INFO] notify invalidation: cleared 0 and dirtied 0 nodes for: {"src/python/mitol/common/conftest.py", "src/python/mitol/common"}
16:37:58.16 [INFO] notify invalidation: cleared 0 and dirtied 0 nodes for: {"src/python/mitol/common/conftest.py", "src/python/mitol/common"}
16:37:58.16 [INFO] notify invalidation: cleared 0 and dirtied 0 nodes for: {"src/python/mitol/common/conftest.py", "src/python/mitol/common"}
16:37:58.16 [INFO] notify invalidation: cleared 0 and dirtied 0 nodes for: {"src/python/mitol/common/conftest.py", "src/python/mitol/common"}
16:37:58.16 [INFO] notify invalidation: cleared 0 and dirtied 0 nodes for: {"src/python/mitol/common", "src/python/mitol/common/conftest.py"}
16:38:04.30 [INFO] handling request: `--pants-bin-name=./pants --pants-version=2.3.0 test src/python/mitol/common:`
16:38:08.05 [INFO] request completed: `--pants-bin-name=./pants --pants-version=2.3.0 test src/python/mitol/common:`
16:39:04.85 [INFO] handling request: `--pants-bin-name=./pants --pants-version=2.3.0 test src/python/mitol/common:`
16:39:05.92 [INFO] request completed: `--pants-bin-name=./pants --pants-version=2.3.0 test src/python/mitol/common:`
16:44:52.04 [INFO] Extending leases
16:44:52.06 [INFO] Done extending leases
16:47:49.58 [INFO] notify invalidation: cleared 2 and dirtied 959 nodes for: {"src/python/mitol/common", "src/python/mitol/common/conftest.py"}
16:47:49.58 [INFO] notify invalidation: cleared 0 and dirtied 0 nodes for: {"src/python/mitol/common/conftest.py", "src/python/mitol/common"}
16:47:49.58 [INFO] notify invalidation: cleared 0 and dirtied 0 nodes for: {"src/python/mitol/common/conftest.py", "src/python/mitol/common"}
16:47:49.58 [INFO] notify invalidation: cleared 0 and dirtied 0 nodes for: {"src/python/mitol/common", "src/python/mitol/common/conftest.py"}
16:47:49.58 [INFO] notify invalidation: cleared 0 and dirtied 0 nodes for: {"src/python/mitol/common", "src/python/mitol/common/conftest.py"}
16:47:49.58 [INFO] notify invalidation: cleared 0 and dirtied 0 nodes for: {"src/python/mitol/common", "src/python/mitol/common/conftest.py"}
16:47:52.65 [INFO] handling request: `--pants-bin-name=./pants --pants-version=2.3.0 test src/python/mitol/common:`
16:47:56.37 [INFO] request completed: `--pants-bin-name=./pants --pants-version=2.3.0 test src/python/mitol/common:`
16:48:23.44 [INFO] notify invalidation: cleared 2 and dirtied 972 nodes for: {"src/python/mitol/common", "src/python/mitol/common/conftest.py"}
16:48:23.44 [INFO] notify invalidation: cleared 0 and dirtied 0 nodes for: {"src/python/mitol/common", "src/python/mitol/common/conftest.py"}
16:48:23.44 [INFO] notify invalidation: cleared 0 and dirtied 0 nodes for: {"src/python/mitol/common", "src/python/mitol/common/conftest.py"}
16:48:23.44 [INFO] notify invalidation: cleared 0 and dirtied 0 nodes for: {"src/python/mitol/common/conftest.py", "src/python/mitol/common"}
16:48:23.44 [INFO] notify invalidation: cleared 0 and dirtied 0 nodes for: {"src/python/mitol/common", "src/python/mitol/common/conftest.py"}
16:48:23.44 [INFO] notify invalidation: cleared 0 and dirtied 0 nodes for: {"src/python/mitol/common/conftest.py", "src/python/mitol/common"}
16:48:40.24 [INFO] handling request: `--pants-bin-name=./pants --pants-version=2.3.0 test src/python/mitol/common:`
16:48:43.99 [INFO] request completed: `--pants-bin-name=./pants --pants-version=2.3.0 test src/python/mitol/common:`
16:50:52.36 [INFO] notify invalidation: cleared 2 and dirtied 985 nodes for: {"src/python/mitol/common", "src/python/mitol/common/conftest.py"}
16:50:52.36 [INFO] notify invalidation: cleared 0 and dirtied 0 nodes for: {"src/python/mitol/common", "src/python/mitol/common/conftest.py"}
16:50:52.36 [INFO] notify invalidation: cleared 0 and dirtied 0 nodes for: {"src/python/mitol/common/conftest.py", "src/python/mitol/common"}
16:50:52.36 [INFO] notify invalidation: cleared 0 and dirtied 0 nodes for: {"src/python/mitol/common", "src/python/mitol/common/conftest.py"}
16:50:52.36 [INFO] notify invalidation: cleared 0 and dirtied 0 nodes for: {"src/python/mitol/common/conftest.py", "src/python/mitol/common"}
16:50:52.36 [INFO] notify invalidation: cleared 0 and dirtied 0 nodes for: {"src/python/mitol/common/conftest.py", "src/python/mitol/common"}
16:50:54.95 [INFO] handling request: `--pants-bin-name=./pants --pants-version=2.3.0 test src/python/mitol/common:`
16:50:58.71 [INFO] request completed: `--pants-bin-name=./pants --pants-version=2.3.0 test src/python/mitol/common:`
16:51:55.06 [INFO] notify invalidation: cleared 2 and dirtied 1000 nodes for: {"src/python/mitol/common", "src/python/mitol/common/conftest.py"}
16:51:55.07 [INFO] notify invalidation: cleared 0 and dirtied 0 nodes for: {"src/python/mitol/common/conftest.py", "src/python/mitol/common"}
16:51:55.07 [INFO] notify invalidation: cleared 0 and dirtied 0 nodes for: {"src/python/mitol/common", "src/python/mitol/common/conftest.py"}
16:51:55.07 [INFO] notify invalidation: cleared 0 and dirtied 0 nodes for: {"src/python/mitol/common/conftest.py", "src/python/mitol/common"}
16:51:55.07 [INFO] notify invalidation: cleared 0 and dirtied 0 nodes for: {"src/python/mitol/common/conftest.py", "src/python/mitol/common"}
16:51:55.07 [INFO] notify invalidation: cleared 0 and dirtied 0 nodes for: {"src/python/mitol/common/conftest.py", "src/python/mitol/common"}
16:51:58.53 [INFO] handling request: `--pants-bin-name=./pants --pants-version=2.3.0 test src/python/mitol/common:`
16:52:02.38 [INFO] request completed: `--pants-bin-name=./pants --pants-version=2.3.0 test src/python/mitol/common:`
16:55:26.23 [INFO] notify invalidation: cleared 2 and dirtied 1716 nodes for: {"pants.toml", ""}
16:55:26.23 [INFO] notify invalidation: cleared 0 and dirtied 0 nodes for: {"", "pants.toml"}
16:55:26.23 [INFO] notify invalidation: cleared 0 and dirtied 0 nodes for: {"", "pants.toml"}
16:55:26.23 [INFO] notify invalidation: cleared 0 and dirtied 0 nodes for: {"", "pants.toml"}
16:55:26.23 [INFO] notify invalidation: cleared 0 and dirtied 0 nodes for: {"pants.toml", ""}
16:55:26.23 [INFO] notify invalidation: cleared 2 and dirtied 1716 nodes for: {"pants.toml", ""}
16:55:26.23 [INFO] Filesystem changed during run: retrying `PySnapshot` in 500ms...
16:55:26.31 [ERROR] saw filesystem changes covered by invalidation globs: content changed (<pants.engine.internals.native_engine.PyDigest object at 0x7f0990f70bb0> fs <pants.engine.internals.native_engine.PyDigest object at 0x7f0990f70bb0>). terminating the daemon.
16:55:27.22 [ERROR] service failure for <pants.pantsd.service.scheduler_service.SchedulerService object at 0x7f098006ae20>.
16:55:27.22 [INFO] Waiting for ongoing runs to complete before exiting...
16:55:27.22 [INFO] Server exiting with Ok(())
16:55:27.22 [INFO] Exiting pantsd
16:55:27.22 [WARN] File watcher exiting with: The watcher was shut down.
16:55:47.31 [INFO] handling request: `--pants-bin-name=./pants --pants-version=2.3.0 test src/python/mitol/common:`
16:55:53.18 [INFO] request completed: `--pants-bin-name=./pants --pants-version=2.3.0 test src/python/mitol/common:`
17:10:47.67 [INFO] Extending leases
17:10:47.70 [INFO] Done extending leases
17:12:24.23 [INFO] notify invalidation: cleared 2 and dirtied 944 nodes for: {"src/python/mitol/common/conftest.py", "src/python/mitol/common"}
17:12:24.23 [INFO] notify invalidation: cleared 0 and dirtied 0 nodes for: {"src/python/mitol/common", "src/python/mitol/common/conftest.py"}
17:12:24.23 [INFO] notify invalidation: cleared 0 and dirtied 0 nodes for: {"src/python/mitol/common", "src/python/mitol/common/conftest.py"}
17:12:24.23 [INFO] notify invalidation: cleared 0 and dirtied 0 nodes for: {"src/python/mitol/common", "src/python/mitol/common/conftest.py"}
17:12:24.24 [INFO] notify invalidation: cleared 0 and dirtied 0 nodes for: {"src/python/mitol/common", "src/python/mitol/common/conftest.py"}
17:12:24.24 [INFO] notify invalidation: cleared 0 and dirtied 0 nodes for: {"src/python/mitol/common", "src/python/mitol/common/conftest.py"}
17:12:26.49 [INFO] notify invalidation: cleared 0 and dirtied 0 nodes for: {"src/python/mitol/common", "src/python/mitol/common/conftest.py"}
17:12:26.49 [INFO] notify invalidation: cleared 0 and dirtied 0 nodes for: {"src/python/mitol/common", "src/python/mitol/common/conftest.py"}
17:12:26.49 [INFO] notify invalidation: cleared 0 and dirtied 0 nodes for: {"src/python/mitol/common/conftest.py", "src/python/mitol/common"}
17:12:26.49 [INFO] notify invalidation: cleared 0 and dirtied 0 nodes for: {"src/python/mitol/common/conftest.py", "src/python/mitol/common"}
17:12:26.49 [INFO] notify invalidation: cleared 0 and dirtied 0 nodes for: {"src/python/mitol/common/conftest.py", "src/python/mitol/common"}
17:12:26.49 [INFO] notify invalidation: cleared 0 and dirtied 0 nodes for: {"src/python/mitol/common", "src/python/mitol/common/conftest.py"}
17:12:29.97 [INFO] handling request: `--pants-bin-name=./pants --pants-version=2.3.0 test src/python/mitol/common:`
17:12:33.59 [INFO] request completed: `--pants-bin-name=./pants --pants-version=2.3.0 test src/python/mitol/common:`
17:13:00.74 [INFO] notify invalidation: cleared 2 and dirtied 959 nodes for: {"src/python/mitol/common", "src/python/mitol/common/conftest.py"}
17:13:00.74 [INFO] notify invalidation: cleared 0 and dirtied 0 nodes for: {"src/python/mitol/common", "src/python/mitol/common/conftest.py"}
17:13:00.74 [INFO] notify invalidation: cleared 0 and dirtied 0 nodes for: {"src/python/mitol/common/conftest.py", "src/python/mitol/common"}
17:13:00.74 [INFO] notify invalidation: cleared 0 and dirtied 0 nodes for: {"src/python/mitol/common/conftest.py", "src/python/mitol/common"}
17:13:00.74 [INFO] notify invalidation: cleared 0 and dirtied 0 nodes for: {"src/python/mitol/common/conftest.py", "src/python/mitol/common"}
17:13:00.74 [INFO] notify invalidation: cleared 0 and dirtied 0 nodes for: {"src/python/mitol/common", "src/python/mitol/common/conftest.py"}
17:13:03.52 [INFO] notify invalidation: cleared 0 and dirtied 0 nodes for: {"src/python/mitol/common/conftest.py", "src/python/mitol/common"}
17:13:03.53 [INFO] notify invalidation: cleared 0 and dirtied 0 nodes for: {"src/python/mitol/common/conftest.py", "src/python/mitol/common"}
17:13:03.53 [INFO] notify invalidation: cleared 0 and dirtied 0 nodes for: {"src/python/mitol/common", "src/python/mitol/common/conftest.py"}
17:13:03.53 [INFO] notify invalidation: cleared 0 and dirtied 0 nodes for: {"src/python/mitol/common", "src/python/mitol/common/conftest.py"}
17:13:03.53 [INFO] notify invalidation: cleared 0 and dirtied 0 nodes for: {"src/python/mitol/common", "src/python/mitol/common/conftest.py"}
17:13:03.53 [INFO] notify invalidation: cleared 0 and dirtied 0 nodes for: {"src/python/mitol/common/conftest.py", "src/python/mitol/common"}
17:13:05.21 [INFO] handling request: `--pants-bin-name=./pants --pants-version=2.3.0 test src/python/mitol/common:`
17:13:09.38 [INFO] request completed: `--pants-bin-name=./pants --pants-version=2.3.0 test src/python/mitol/common:`
17:17:33.81 [INFO] notify invalidation: cleared 1 and dirtied 972 nodes for: {"src/python/mitol/common/pytest.ini", "src/python/mitol/common"}
17:17:33.81 [INFO] notify invalidation: cleared 0 and dirtied 0 nodes for: {"src/python/mitol/common/pytest.ini", "src/python/mitol/common"}
17:17:33.81 [INFO] notify invalidation: cleared 0 and dirtied 0 nodes for: {"src/python/mitol/common/pytest.ini", "src/python/mitol/common"}
17:17:40.49 [INFO] notify invalidation: cleared 1 and dirtied 176 nodes for: {"src/python/mitol/common", "src/python/mitol/common/conftest.py"}
17:17:40.49 [INFO] notify invalidation: cleared 0 and dirtied 0 nodes for: {"src/python/mitol/common", "src/python/mitol/common/conftest.py"}
17:17:40.49 [INFO] notify invalidation: cleared 0 and dirtied 0 nodes for: {"src/python/mitol/common", "src/python/mitol/common/conftest.py"}
17:17:40.49 [INFO] notify invalidation: cleared 0 and dirtied 0 nodes for: {"src/python/mitol/common", "src/python/mitol/common/conftest.py"}
17:17:40.49 [INFO] notify invalidation: cleared 0 and dirtied 0 nodes for: {"src/python/mitol/common/conftest.py", "src/python/mitol/common"}
17:17:40.49 [INFO] notify invalidation: cleared 0 and dirtied 0 nodes for: {"src/python/mitol/common", "src/python/mitol/common/conftest.py"}
17:17:42.73 [INFO] handling request: `--pants-bin-name=./pants --pants-version=2.3.0 test src/python/mitol/common:`
17:17:46.60 [INFO] request completed: `--pants-bin-name=./pants --pants-version=2.3.0 test src/python/mitol/common:`
17:25:47.72 [INFO] Extending leases
17:25:47.74 [INFO] Done extending leases
17:40:47.76 [INFO] Extending leases
17:40:47.78 [INFO] Done extending leases
17:55:47.80 [INFO] Garbage collecting store. target_size=4,294,967,296
17:55:47.81 [INFO] Done garbage collecting store
17:55:47.81 [INFO] Extending leases
17:55:47.89 [INFO] Done extending leases
18:10:47.90 [INFO] Extending leases
18:10:47.96 [INFO] Done extending leases
18:25:47.97 [INFO] Extending leases
18:25:47.98 [INFO] Done extending leases
18:40:48.00 [INFO] Extending leases
18:40:48.03 [INFO] Done extending leases
18:55:48.04 [INFO] Garbage collecting store. target_size=4,294,967,296
18:55:48.04 [INFO] Done garbage collecting store
18:55:48.04 [INFO] Extending leases
18:55:48.06 [INFO] Done extending leases
08:46:11.77 [INFO] handling request: `--pants-bin-name=./pants --pants-version=2.3.0 test ::`
08:46:12.13 [INFO] request completed: `--pants-bin-name=./pants --pants-version=2.3.0 test ::`
08:46:17.24 [INFO] handling request: `--pants-bin-name=./pants --pants-version=2.3.0 test ::common`
08:46:17.31 [INFO] request completed: `--pants-bin-name=./pants --pants-version=2.3.0 test ::common`
08:46:31.13 [INFO] handling request: `--pants-bin-name=./pants --pants-version=2.3.0 test src/python/mitol/common:`
08:46:31.20 [INFO] request completed: `--pants-bin-name=./pants --pants-version=2.3.0 test src/python/mitol/common:`
08:46:37.92 [INFO] notify invalidation: cleared 2 and dirtied 2 nodes for: {"pants.toml", ""}
08:46:37.92 [INFO] notify invalidation: cleared 0 and dirtied 0 nodes for: {"pants.toml", ""}
08:46:37.92 [INFO] notify invalidation: cleared 2 and dirtied 2 nodes for: {"pants.toml", ""}
08:46:37.92 [INFO] notify invalidation: cleared 0 and dirtied 0 nodes for: {"pants.toml", ""}
08:46:37.92 [INFO] Filesystem changed during run: retrying `PySnapshot` in 500ms...
08:46:37.92 [INFO] notify invalidation: cleared 0 and dirtied 0 nodes for: {"", "pants.toml"}
08:46:37.92 [INFO] notify invalidation: cleared 0 and dirtied 0 nodes for: {"pants.toml", ""}
08:46:38.24 [ERROR] saw filesystem changes covered by invalidation globs: content changed (<pants.engine.internals.native_engine.PyDigest object at 0x7f5ff12325b0> fs <pants.engine.internals.native_engine.PyDigest object at 0x7f5ff12325b0>). terminating the daemon.
08:46:38.75 [ERROR] service failure for <pants.pantsd.service.scheduler_service.SchedulerService object at 0x7f5fe00a9e50>.
08:46:38.75 [INFO] Waiting for ongoing runs to complete before exiting...
08:46:38.75 [INFO] Server exiting with Ok(())
08:46:38.75 [INFO] Exiting pantsd
08:46:38.76 [WARN] File watcher exiting with: The watcher was shut down.
08:46:40.12 [INFO] handling request: `--pants-bin-name=./pants --pants-version=2.3.0 test src/python/mitol/common:`
08:46:41.55 [INFO] request completed: `--pants-bin-name=./pants --pants-version=2.3.0 test src/python/mitol/common:`
08:46:42.55 [ERROR] Client failed to create a Scheduler: shutting down.
08:46:42.55 [INFO] Waiting for ongoing runs to complete before exiting...
08:46:42.55 [INFO] Server exiting with Ok(())
08:46:42.55 [INFO] Exiting pantsd
08:46:42.56 [WARN] File watcher exiting with: The watcher was shut down.
09:05:19.24 [INFO] handling request: `--pants-bin-name=./pants --pants-version=2.3.0 test src/python/mitol/common:`
09:05:22.84 [INFO] request completed: `--pants-bin-name=./pants --pants-version=2.3.0 test src/python/mitol/common:`
09:07:31.55 [INFO] notify invalidation: cleared 2 and dirtied 1635 nodes for: {"pants.toml", ""}
09:07:31.55 [INFO] notify invalidation: cleared 0 and dirtied 0 nodes for: {"pants.toml", ""}
09:07:31.55 [INFO] notify invalidation: cleared 0 and dirtied 0 nodes for: {"pants.toml", ""}
09:07:31.56 [INFO] notify invalidation: cleared 2 and dirtied 1635 nodes for: {"", "pants.toml"}
09:07:31.56 [INFO] notify invalidation: cleared 0 and dirtied 0 nodes for: {"", "pants.toml"}
09:07:31.56 [INFO] Filesystem changed during run: retrying `PySnapshot` in 500ms...
09:07:31.56 [INFO] notify invalidation: cleared 0 and dirtied 0 nodes for: {"", "pants.toml"}
09:07:31.59 [ERROR] saw filesystem changes covered by invalidation globs: content changed (<pants.engine.internals.native_engine.PyDigest object at 0x7fca479c12f0> fs <pants.engine.internals.native_engine.PyDigest object at 0x7fca479c12f0>). terminating the daemon.
09:07:32.40 [ERROR] service failure for <pants.pantsd.service.scheduler_service.SchedulerService object at 0x7fb62e116f70>.
09:07:32.40 [INFO] Waiting for ongoing runs to complete before exiting...
09:07:32.40 [INFO] Server exiting with Ok(())
09:07:32.40 [INFO] Exiting pantsd
09:07:32.40 [WARN] File watcher exiting with: The watcher was shut down.
09:10:47.81 [INFO] handling request: `--pants-bin-name=./pants --pants-version=2.3.0 test src/python/mitol/common:`
09:10:48.41 [INFO] request completed: `--pants-bin-name=./pants --pants-version=2.3.0 test src/python/mitol/common:`
09:10:48.72 [ERROR] Client failed to create a Scheduler: shutting down.
09:10:48.72 [INFO] Waiting for ongoing runs to complete before exiting...
09:10:48.72 [INFO] Server exiting with Ok(())
09:10:48.72 [INFO] Exiting pantsd
09:10:48.72 [WARN] File watcher exiting with: The watcher was shut down.
